execve("./http-client", ["./http-client", "-url=https://www.baidu.com", "-count=5"], 0x7fff4b4ca7c0 /* 30 vars */) = 0
arch_prctl(ARCH_SET_FS, 0x95eff0)       = 0
sched_getaffinity(0, 8192, [0 1])       = 8
openat(AT_FDCWD, "/sys/kernel/mm/transparent_hugepage/hpage_pmd_size", O_RDONLY) = 3
read(3, "2097152\n", 20)                = 8
close(3)                                = 0
mmap(NULL, 262144, PROT_READ|PROT_WRITE, MAP_PRIVATE|MAP_ANONYMOUS, -1, 0) = 0x7f44fb916000
mmap(NULL, 131072, PROT_NONE, MAP_PRIVATE|MAP_ANONYMOUS, -1, 0) = 0x7f44fb8f6000
mmap(NULL, 1048576, PROT_NONE, MAP_PRIVATE|MAP_ANONYMOUS, -1, 0) = 0x7f44fb7f6000
mmap(NULL, 8388608, PROT_NONE, MAP_PRIVATE|MAP_ANONYMOUS, -1, 0) = 0x7f44fae00000
mmap(NULL, 67108864, PROT_NONE, MAP_PRIVATE|MAP_ANONYMOUS, -1, 0) = 0x7f44f6e00000
mmap(NULL, 536870912, PROT_NONE, MAP_PRIVATE|MAP_ANONYMOUS, -1, 0) = 0x7f44d6e00000
mmap(NULL, 536870912, PROT_NONE, MAP_PRIVATE|MAP_ANONYMOUS, -1, 0) = 0x7f44b6e00000
mmap(0xc000000000, 67108864, PROT_NONE, MAP_PRIVATE|MAP_ANONYMOUS, -1, 0) = 0xc000000000
mmap(NULL, 33554432, PROT_READ|PROT_WRITE, MAP_PRIVATE|MAP_ANONYMOUS, -1, 0) = 0x7f44b4e00000
madvise(0x7f44b4e00000, 33554432, MADV_NOHUGEPAGE) = 0
mmap(NULL, 68624, PROT_READ|PROT_WRITE, MAP_PRIVATE|MAP_ANONYMOUS, -1, 0) = 0x7f44fb7e5000
mmap(0xc000000000, 4194304, PROT_READ|PROT_WRITE, MAP_PRIVATE|MAP_FIXED|MAP_ANONYMOUS, -1, 0) = 0xc000000000
mmap(0x7f44fb8f6000, 131072, PROT_READ|PROT_WRITE, MAP_PRIVATE|MAP_FIXED|MAP_ANONYMOUS, -1, 0) = 0x7f44fb8f6000
mmap(0x7f44fb876000, 4096, PROT_READ|PROT_WRITE, MAP_PRIVATE|MAP_FIXED|MAP_ANONYMOUS, -1, 0) = 0x7f44fb876000
mmap(0x7f44fb206000, 4096, PROT_READ|PROT_WRITE, MAP_PRIVATE|MAP_FIXED|MAP_ANONYMOUS, -1, 0) = 0x7f44fb206000
mmap(0x7f44f8e30000, 4096, PROT_READ|PROT_WRITE, MAP_PRIVATE|MAP_FIXED|MAP_ANONYMOUS, -1, 0) = 0x7f44f8e30000
mmap(0x7f44e6f80000, 4096, PROT_READ|PROT_WRITE, MAP_PRIVATE|MAP_FIXED|MAP_ANONYMOUS, -1, 0) = 0x7f44e6f80000
mmap(0x7f44c6f80000, 4096, PROT_READ|PROT_WRITE, MAP_PRIVATE|MAP_FIXED|MAP_ANONYMOUS, -1, 0) = 0x7f44c6f80000
mmap(NULL, 1048576, PROT_READ|PROT_WRITE, MAP_PRIVATE|MAP_ANONYMOUS, -1, 0) = 0x7f44fb6e5000
madvise(0x7f44fb6e5000, 1048576, MADV_NOHUGEPAGE) = 0
mmap(NULL, 65536, PROT_READ|PROT_WRITE, MAP_PRIVATE|MAP_ANONYMOUS, -1, 0) = 0x7f44fb6d5000
mmap(NULL, 65536, PROT_READ|PROT_WRITE, MAP_PRIVATE|MAP_ANONYMOUS, -1, 0) = 0x7f44fb6c5000
rt_sigprocmask(SIG_SETMASK, NULL, [], 8) = 0
fcntl(0, F_GETFD)                       = 0
fcntl(1, F_GETFD)                       = 0
fcntl(2, F_GETFD)                       = 0
sigaltstack(NULL, {ss_sp=NULL, ss_flags=SS_DISABLE, ss_size=0}) = 0
sigaltstack({ss_sp=0xc000006000, ss_flags=0, ss_size=32768}, NULL) = 0
rt_sigprocmask(SIG_SETMASK, [], NULL, 8) = 0
gettid()                                = 118585
rt_sigaction(SIGHUP, NULL, {sa_handler=SIG_DFL, sa_mask=[], sa_flags=0}, 8) = 0
rt_sigaction(SIGHUP, {sa_handler=0x4775a0, sa_mask=~[], sa_flags=SA_RESTORER|SA_ONSTACK|SA_RESTART|SA_SIGINFO, sa_restorer=0x4776e0}, NULL, 8) = 0
rt_sigaction(SIGINT, NULL, {sa_handler=SIG_DFL, sa_mask=[], sa_flags=0}, 8) = 0
rt_sigaction(SIGINT, {sa_handler=0x4775a0, sa_mask=~[], sa_flags=SA_RESTORER|SA_ONSTACK|SA_RESTART|SA_SIGINFO, sa_restorer=0x4776e0}, NULL, 8) = 0
rt_sigaction(SIGQUIT, NULL, {sa_handler=SIG_DFL, sa_mask=[], sa_flags=0}, 8) = 0
rt_sigaction(SIGQUIT, {sa_handler=0x4775a0, sa_mask=~[], sa_flags=SA_RESTORER|SA_ONSTACK|SA_RESTART|SA_SIGINFO, sa_restorer=0x4776e0}, NULL, 8) = 0
rt_sigaction(SIGILL, NULL, {sa_handler=SIG_DFL, sa_mask=[], sa_flags=0}, 8) = 0
rt_sigaction(SIGILL, {sa_handler=0x4775a0, sa_mask=~[], sa_flags=SA_RESTORER|SA_ONSTACK|SA_RESTART|SA_SIGINFO, sa_restorer=0x4776e0}, NULL, 8) = 0
rt_sigaction(SIGTRAP, NULL, {sa_handler=SIG_DFL, sa_mask=[], sa_flags=0}, 8) = 0
rt_sigaction(SIGTRAP, {sa_handler=0x4775a0, sa_mask=~[], sa_flags=SA_RESTORER|SA_ONSTACK|SA_RESTART|SA_SIGINFO, sa_restorer=0x4776e0}, NULL, 8) = 0
rt_sigaction(SIGABRT, NULL, {sa_handler=SIG_DFL, sa_mask=[], sa_flags=0}, 8) = 0
rt_sigaction(SIGABRT, {sa_handler=0x4775a0, sa_mask=~[], sa_flags=SA_RESTORER|SA_ONSTACK|SA_RESTART|SA_SIGINFO, sa_restorer=0x4776e0}, NULL, 8) = 0
rt_sigaction(SIGBUS, NULL, {sa_handler=SIG_DFL, sa_mask=[], sa_flags=0}, 8) = 0
rt_sigaction(SIGBUS, {sa_handler=0x4775a0, sa_mask=~[], sa_flags=SA_RESTORER|SA_ONSTACK|SA_RESTART|SA_SIGINFO, sa_restorer=0x4776e0}, NULL, 8) = 0
rt_sigaction(SIGFPE, NULL, {sa_handler=SIG_DFL, sa_mask=[], sa_flags=0}, 8) = 0
rt_sigaction(SIGFPE, {sa_handler=0x4775a0, sa_mask=~[], sa_flags=SA_RESTORER|SA_ONSTACK|SA_RESTART|SA_SIGINFO, sa_restorer=0x4776e0}, NULL, 8) = 0
rt_sigaction(SIGUSR1, NULL, {sa_handler=SIG_DFL, sa_mask=[], sa_flags=0}, 8) = 0
rt_sigaction(SIGUSR1, {sa_handler=0x4775a0, sa_mask=~[], sa_flags=SA_RESTORER|SA_ONSTACK|SA_RESTART|SA_SIGINFO, sa_restorer=0x4776e0}, NULL, 8) = 0
rt_sigaction(SIGSEGV, NULL, {sa_handler=SIG_DFL, sa_mask=[], sa_flags=0}, 8) = 0
rt_sigaction(SIGSEGV, {sa_handler=0x4775a0, sa_mask=~[], sa_flags=SA_RESTORER|SA_ONSTACK|SA_RESTART|SA_SIGINFO, sa_restorer=0x4776e0}, NULL, 8) = 0
rt_sigaction(SIGUSR2, NULL, {sa_handler=SIG_DFL, sa_mask=[], sa_flags=0}, 8) = 0
rt_sigaction(SIGUSR2, {sa_handler=0x4775a0, sa_mask=~[], sa_flags=SA_RESTORER|SA_ONSTACK|SA_RESTART|SA_SIGINFO, sa_restorer=0x4776e0}, NULL, 8) = 0
rt_sigaction(SIGPIPE, NULL, {sa_handler=SIG_DFL, sa_mask=[], sa_flags=0}, 8) = 0
rt_sigaction(SIGPIPE, {sa_handler=0x4775a0, sa_mask=~[], sa_flags=SA_RESTORER|SA_ONSTACK|SA_RESTART|SA_SIGINFO, sa_restorer=0x4776e0}, NULL, 8) = 0
rt_sigaction(SIGALRM, NULL, {sa_handler=SIG_DFL, sa_mask=[], sa_flags=0}, 8) = 0
rt_sigaction(SIGALRM, {sa_handler=0x4775a0, sa_mask=~[], sa_flags=SA_RESTORER|SA_ONSTACK|SA_RESTART|SA_SIGINFO, sa_restorer=0x4776e0}, NULL, 8) = 0
rt_sigaction(SIGTERM, NULL, {sa_handler=SIG_DFL, sa_mask=[], sa_flags=0}, 8) = 0
rt_sigaction(SIGTERM, {sa_handler=0x4775a0, sa_mask=~[], sa_flags=SA_RESTORER|SA_ONSTACK|SA_RESTART|SA_SIGINFO, sa_restorer=0x4776e0}, NULL, 8) = 0
rt_sigaction(SIGSTKFLT, NULL, {sa_handler=SIG_DFL, sa_mask=[], sa_flags=0}, 8) = 0
rt_sigaction(SIGSTKFLT, {sa_handler=0x4775a0, sa_mask=~[], sa_flags=SA_RESTORER|SA_ONSTACK|SA_RESTART|SA_SIGINFO, sa_restorer=0x4776e0}, NULL, 8) = 0
rt_sigaction(SIGCHLD, NULL, {sa_handler=SIG_DFL, sa_mask=[], sa_flags=0}, 8) = 0
rt_sigaction(SIGCHLD, {sa_handler=0x4775a0, sa_mask=~[], sa_flags=SA_RESTORER|SA_ONSTACK|SA_RESTART|SA_SIGINFO, sa_restorer=0x4776e0}, NULL, 8) = 0
rt_sigaction(SIGURG, NULL, {sa_handler=SIG_DFL, sa_mask=[], sa_flags=0}, 8) = 0
rt_sigaction(SIGURG, {sa_handler=0x4775a0, sa_mask=~[], sa_flags=SA_RESTORER|SA_ONSTACK|SA_RESTART|SA_SIGINFO, sa_restorer=0x4776e0}, NULL, 8) = 0
rt_sigaction(SIGXCPU, NULL, {sa_handler=SIG_DFL, sa_mask=[], sa_flags=0}, 8) = 0
rt_sigaction(SIGXCPU, {sa_handler=0x4775a0, sa_mask=~[], sa_flags=SA_RESTORER|SA_ONSTACK|SA_RESTART|SA_SIGINFO, sa_restorer=0x4776e0}, NULL, 8) = 0
rt_sigaction(SIGXFSZ, NULL, {sa_handler=SIG_DFL, sa_mask=[], sa_flags=0}, 8) = 0
rt_sigaction(SIGXFSZ, {sa_handler=0x4775a0, sa_mask=~[], sa_flags=SA_RESTORER|SA_ONSTACK|SA_RESTART|SA_SIGINFO, sa_restorer=0x4776e0}, NULL, 8) = 0
rt_sigaction(SIGVTALRM, NULL, {sa_handler=SIG_DFL, sa_mask=[], sa_flags=0}, 8) = 0
rt_sigaction(SIGVTALRM, {sa_handler=0x4775a0, sa_mask=~[], sa_flags=SA_RESTORER|SA_ONSTACK|SA_RESTART|SA_SIGINFO, sa_restorer=0x4776e0}, NULL, 8) = 0
rt_sigaction(SIGPROF, NULL, {sa_handler=SIG_DFL, sa_mask=[], sa_flags=0}, 8) = 0
rt_sigaction(SIGPROF, {sa_handler=0x4775a0, sa_mask=~[], sa_flags=SA_RESTORER|SA_ONSTACK|SA_RESTART|SA_SIGINFO, sa_restorer=0x4776e0}, NULL, 8) = 0
rt_sigaction(SIGWINCH, NULL, {sa_handler=SIG_DFL, sa_mask=[], sa_flags=0}, 8) = 0
rt_sigaction(SIGWINCH, {sa_handler=0x4775a0, sa_mask=~[], sa_flags=SA_RESTORER|SA_ONSTACK|SA_RESTART|SA_SIGINFO, sa_restorer=0x4776e0}, NULL, 8) = 0
rt_sigaction(SIGIO, NULL, {sa_handler=SIG_DFL, sa_mask=[], sa_flags=0}, 8) = 0
rt_sigaction(SIGIO, {sa_handler=0x4775a0, sa_mask=~[], sa_flags=SA_RESTORER|SA_ONSTACK|SA_RESTART|SA_SIGINFO, sa_restorer=0x4776e0}, NULL, 8) = 0
rt_sigaction(SIGPWR, NULL, {sa_handler=SIG_DFL, sa_mask=[], sa_flags=0}, 8) = 0
rt_sigaction(SIGPWR, {sa_handler=0x4775a0, sa_mask=~[], sa_flags=SA_RESTORER|SA_ONSTACK|SA_RESTART|SA_SIGINFO, sa_restorer=0x4776e0}, NULL, 8) = 0
rt_sigaction(SIGSYS, NULL, {sa_handler=SIG_DFL, sa_mask=[], sa_flags=0}, 8) = 0
rt_sigaction(SIGSYS, {sa_handler=0x4775a0, sa_mask=~[], sa_flags=SA_RESTORER|SA_ONSTACK|SA_RESTART|SA_SIGINFO, sa_restorer=0x4776e0}, NULL, 8) = 0
rt_sigaction(SIGRTMIN, NULL, {sa_handler=SIG_DFL, sa_mask=[], sa_flags=0}, 8) = 0
rt_sigaction(SIGRT_1, NULL, {sa_handler=SIG_DFL, sa_mask=[], sa_flags=0}, 8) = 0
rt_sigaction(SIGRT_1, {sa_handler=0x4775a0, sa_mask=~[], sa_flags=SA_RESTORER|SA_ONSTACK|SA_RESTART|SA_SIGINFO, sa_restorer=0x4776e0}, NULL, 8) = 0
rt_sigaction(SIGRT_2, NULL, {sa_handler=SIG_DFL, sa_mask=[], sa_flags=0}, 8) = 0
rt_sigaction(SIGRT_3, NULL, {sa_handler=SIG_DFL, sa_mask=[], sa_flags=0}, 8) = 0
rt_sigaction(SIGRT_3, {sa_handler=0x4775a0, sa_mask=~[], sa_flags=SA_RESTORER|SA_ONSTACK|SA_RESTART|SA_SIGINFO, sa_restorer=0x4776e0}, NULL, 8) = 0
rt_sigaction(SIGRT_4, NULL, {sa_handler=SIG_DFL, sa_mask=[], sa_flags=0}, 8) = 0
rt_sigaction(SIGRT_4, {sa_handler=0x4775a0, sa_mask=~[], sa_flags=SA_RESTORER|SA_ONSTACK|SA_RESTART|SA_SIGINFO, sa_restorer=0x4776e0}, NULL, 8) = 0
rt_sigaction(SIGRT_5, NULL, {sa_handler=SIG_DFL, sa_mask=[], sa_flags=0}, 8) = 0
rt_sigaction(SIGRT_5, {sa_handler=0x4775a0, sa_mask=~[], sa_flags=SA_RESTORER|SA_ONSTACK|SA_RESTART|SA_SIGINFO, sa_restorer=0x4776e0}, NULL, 8) = 0
rt_sigaction(SIGRT_6, NULL, {sa_handler=SIG_DFL, sa_mask=[], sa_flags=0}, 8) = 0
rt_sigaction(SIGRT_6, {sa_handler=0x4775a0, sa_mask=~[], sa_flags=SA_RESTORER|SA_ONSTACK|SA_RESTART|SA_SIGINFO, sa_restorer=0x4776e0}, NULL, 8) = 0
rt_sigaction(SIGRT_7, NULL, {sa_handler=SIG_DFL, sa_mask=[], sa_flags=0}, 8) = 0
rt_sigaction(SIGRT_7, {sa_handler=0x4775a0, sa_mask=~[], sa_flags=SA_RESTORER|SA_ONSTACK|SA_RESTART|SA_SIGINFO, sa_restorer=0x4776e0}, NULL, 8) = 0
rt_sigaction(SIGRT_8, NULL, {sa_handler=SIG_DFL, sa_mask=[], sa_flags=0}, 8) = 0
rt_sigaction(SIGRT_8, {sa_handler=0x4775a0, sa_mask=~[], sa_flags=SA_RESTORER|SA_ONSTACK|SA_RESTART|SA_SIGINFO, sa_restorer=0x4776e0}, NULL, 8) = 0
rt_sigaction(SIGRT_9, NULL, {sa_handler=SIG_DFL, sa_mask=[], sa_flags=0}, 8) = 0
rt_sigaction(SIGRT_9, {sa_handler=0x4775a0, sa_mask=~[], sa_flags=SA_RESTORER|SA_ONSTACK|SA_RESTART|SA_SIGINFO, sa_restorer=0x4776e0}, NULL, 8) = 0
rt_sigaction(SIGRT_10, NULL, {sa_handler=SIG_DFL, sa_mask=[], sa_flags=0}, 8) = 0
rt_sigaction(SIGRT_10, {sa_handler=0x4775a0, sa_mask=~[], sa_flags=SA_RESTORER|SA_ONSTACK|SA_RESTART|SA_SIGINFO, sa_restorer=0x4776e0}, NULL, 8) = 0
rt_sigaction(SIGRT_11, NULL, {sa_handler=SIG_DFL, sa_mask=[], sa_flags=0}, 8) = 0
rt_sigaction(SIGRT_11, {sa_handler=0x4775a0, sa_mask=~[], sa_flags=SA_RESTORER|SA_ONSTACK|SA_RESTART|SA_SIGINFO, sa_restorer=0x4776e0}, NULL, 8) = 0
rt_sigaction(SIGRT_12, NULL, {sa_handler=SIG_DFL, sa_mask=[], sa_flags=0}, 8) = 0
rt_sigaction(SIGRT_12, {sa_handler=0x4775a0, sa_mask=~[], sa_flags=SA_RESTORER|SA_ONSTACK|SA_RESTART|SA_SIGINFO, sa_restorer=0x4776e0}, NULL, 8) = 0
rt_sigaction(SIGRT_13, NULL, {sa_handler=SIG_DFL, sa_mask=[], sa_flags=0}, 8) = 0
rt_sigaction(SIGRT_13, {sa_handler=0x4775a0, sa_mask=~[], sa_flags=SA_RESTORER|SA_ONSTACK|SA_RESTART|SA_SIGINFO, sa_restorer=0x4776e0}, NULL, 8) = 0
rt_sigaction(SIGRT_14, NULL, {sa_handler=SIG_DFL, sa_mask=[], sa_flags=0}, 8) = 0
rt_sigaction(SIGRT_14, {sa_handler=0x4775a0, sa_mask=~[], sa_flags=SA_RESTORER|SA_ONSTACK|SA_RESTART|SA_SIGINFO, sa_restorer=0x4776e0}, NULL, 8) = 0
rt_sigaction(SIGRT_15, NULL, {sa_handler=SIG_DFL, sa_mask=[], sa_flags=0}, 8) = 0
rt_sigaction(SIGRT_15, {sa_handler=0x4775a0, sa_mask=~[], sa_flags=SA_RESTORER|SA_ONSTACK|SA_RESTART|SA_SIGINFO, sa_restorer=0x4776e0}, NULL, 8) = 0
rt_sigaction(SIGRT_16, NULL, {sa_handler=SIG_DFL, sa_mask=[], sa_flags=0}, 8) = 0
rt_sigaction(SIGRT_16, {sa_handler=0x4775a0, sa_mask=~[], sa_flags=SA_RESTORER|SA_ONSTACK|SA_RESTART|SA_SIGINFO, sa_restorer=0x4776e0}, NULL, 8) = 0
rt_sigaction(SIGRT_17, NULL, {sa_handler=SIG_DFL, sa_mask=[], sa_flags=0}, 8) = 0
rt_sigaction(SIGRT_17, {sa_handler=0x4775a0, sa_mask=~[], sa_flags=SA_RESTORER|SA_ONSTACK|SA_RESTART|SA_SIGINFO, sa_restorer=0x4776e0}, NULL, 8) = 0
rt_sigaction(SIGRT_18, NULL, {sa_handler=SIG_DFL, sa_mask=[], sa_flags=0}, 8) = 0
rt_sigaction(SIGRT_18, {sa_handler=0x4775a0, sa_mask=~[], sa_flags=SA_RESTORER|SA_ONSTACK|SA_RESTART|SA_SIGINFO, sa_restorer=0x4776e0}, NULL, 8) = 0
rt_sigaction(SIGRT_19, NULL, {sa_handler=SIG_DFL, sa_mask=[], sa_flags=0}, 8) = 0
rt_sigaction(SIGRT_19, {sa_handler=0x4775a0, sa_mask=~[], sa_flags=SA_RESTORER|SA_ONSTACK|SA_RESTART|SA_SIGINFO, sa_restorer=0x4776e0}, NULL, 8) = 0
rt_sigaction(SIGRT_20, NULL, {sa_handler=SIG_DFL, sa_mask=[], sa_flags=0}, 8) = 0
rt_sigaction(SIGRT_20, {sa_handler=0x4775a0, sa_mask=~[], sa_flags=SA_RESTORER|SA_ONSTACK|SA_RESTART|SA_SIGINFO, sa_restorer=0x4776e0}, NULL, 8) = 0
rt_sigaction(SIGRT_21, NULL, {sa_handler=SIG_DFL, sa_mask=[], sa_flags=0}, 8) = 0
rt_sigaction(SIGRT_21, {sa_handler=0x4775a0, sa_mask=~[], sa_flags=SA_RESTORER|SA_ONSTACK|SA_RESTART|SA_SIGINFO, sa_restorer=0x4776e0}, NULL, 8) = 0
rt_sigaction(SIGRT_22, NULL, {sa_handler=SIG_DFL, sa_mask=[], sa_flags=0}, 8) = 0
rt_sigaction(SIGRT_22, {sa_handler=0x4775a0, sa_mask=~[], sa_flags=SA_RESTORER|SA_ONSTACK|SA_RESTART|SA_SIGINFO, sa_restorer=0x4776e0}, NULL, 8) = 0
rt_sigaction(SIGRT_23, NULL, {sa_handler=SIG_DFL, sa_mask=[], sa_flags=0}, 8) = 0
rt_sigaction(SIGRT_23, {sa_handler=0x4775a0, sa_mask=~[], sa_flags=SA_RESTORER|SA_ONSTACK|SA_RESTART|SA_SIGINFO, sa_restorer=0x4776e0}, NULL, 8) = 0
rt_sigaction(SIGRT_24, NULL, {sa_handler=SIG_DFL, sa_mask=[], sa_flags=0}, 8) = 0
rt_sigaction(SIGRT_24, {sa_handler=0x4775a0, sa_mask=~[], sa_flags=SA_RESTORER|SA_ONSTACK|SA_RESTART|SA_SIGINFO, sa_restorer=0x4776e0}, NULL, 8) = 0
rt_sigaction(SIGRT_25, NULL, {sa_handler=SIG_DFL, sa_mask=[], sa_flags=0}, 8) = 0
rt_sigaction(SIGRT_25, {sa_handler=0x4775a0, sa_mask=~[], sa_flags=SA_RESTORER|SA_ONSTACK|SA_RESTART|SA_SIGINFO, sa_restorer=0x4776e0}, NULL, 8) = 0
rt_sigaction(SIGRT_26, NULL, {sa_handler=SIG_DFL, sa_mask=[], sa_flags=0}, 8) = 0
rt_sigaction(SIGRT_26, {sa_handler=0x4775a0, sa_mask=~[], sa_flags=SA_RESTORER|SA_ONSTACK|SA_RESTART|SA_SIGINFO, sa_restorer=0x4776e0}, NULL, 8) = 0
rt_sigaction(SIGRT_27, NULL, {sa_handler=SIG_DFL, sa_mask=[], sa_flags=0}, 8) = 0
rt_sigaction(SIGRT_27, {sa_handler=0x4775a0, sa_mask=~[], sa_flags=SA_RESTORER|SA_ONSTACK|SA_RESTART|SA_SIGINFO, sa_restorer=0x4776e0}, NULL, 8) = 0
rt_sigaction(SIGRT_28, NULL, {sa_handler=SIG_DFL, sa_mask=[], sa_flags=0}, 8) = 0
rt_sigaction(SIGRT_28, {sa_handler=0x4775a0, sa_mask=~[], sa_flags=SA_RESTORER|SA_ONSTACK|SA_RESTART|SA_SIGINFO, sa_restorer=0x4776e0}, NULL, 8) = 0
rt_sigaction(SIGRT_29, NULL, {sa_handler=SIG_DFL, sa_mask=[], sa_flags=0}, 8) = 0
rt_sigaction(SIGRT_29, {sa_handler=0x4775a0, sa_mask=~[], sa_flags=SA_RESTORER|SA_ONSTACK|SA_RESTART|SA_SIGINFO, sa_restorer=0x4776e0}, NULL, 8) = 0
rt_sigaction(SIGRT_30, NULL, {sa_handler=SIG_DFL, sa_mask=[], sa_flags=0}, 8) = 0
rt_sigaction(SIGRT_30, {sa_handler=0x4775a0, sa_mask=~[], sa_flags=SA_RESTORER|SA_ONSTACK|SA_RESTART|SA_SIGINFO, sa_restorer=0x4776e0}, NULL, 8) = 0
rt_sigaction(SIGRT_31, NULL, {sa_handler=SIG_DFL, sa_mask=[], sa_flags=0}, 8) = 0
rt_sigaction(SIGRT_31, {sa_handler=0x4775a0, sa_mask=~[], sa_flags=SA_RESTORER|SA_ONSTACK|SA_RESTART|SA_SIGINFO, sa_restorer=0x4776e0}, NULL, 8) = 0
rt_sigaction(SIGRT_32, NULL, {sa_handler=SIG_DFL, sa_mask=[], sa_flags=0}, 8) = 0
rt_sigaction(SIGRT_32, {sa_handler=0x4775a0, sa_mask=~[], sa_flags=SA_RESTORER|SA_ONSTACK|SA_RESTART|SA_SIGINFO, sa_restorer=0x4776e0}, NULL, 8) = 0
rt_sigprocmask(SIG_SETMASK, ~[], [], 8) = 0
clone(child_stack=0xc00002a000, flags=CLONE_VM|CLONE_FS|CLONE_FILES|CLONE_SIGHAND|CLONE_THREAD|CLONE_SYSVSEM|CLONE_SETTLS, tls=0xc000048098) = 118586
rt_sigprocmask(SIG_SETMASK, [], NULL, 8) = 0
--- SIGURG {si_signo=SIGURG, si_code=SI_TKILL, si_pid=118585, si_uid=1000} ---
rt_sigreturn({mask=[]})                 = 9832696
rt_sigprocmask(SIG_SETMASK, ~[], [], 8) = 0
clone(child_stack=0xc000062000, flags=CLONE_VM|CLONE_FS|CLONE_FILES|CLONE_SIGHAND|CLONE_THREAD|CLONE_SYSVSEM|CLONE_SETTLS, tls=0xc000048898) = 118587
rt_sigprocmask(SIG_SETMASK, [], NULL, 8) = 0
futex(0xc000048948, FUTEX_WAKE_PRIVATE, 1) = 1
mmap(NULL, 262144, PROT_READ|PROT_WRITE, MAP_PRIVATE|MAP_ANONYMOUS, -1, 0) = 0x7f44fb685000
futex(0xc000048948, FUTEX_WAKE_PRIVATE, 1) = 1
rt_sigprocmask(SIG_SETMASK, ~[], [], 8) = 0
clone(child_stack=0xc00005e000, flags=CLONE_VM|CLONE_FS|CLONE_FILES|CLONE_SIGHAND|CLONE_THREAD|CLONE_SYSVSEM|CLONE_SETTLS, tls=0xc00008a098) = 118588
rt_sigprocmask(SIG_SETMASK, [], NULL, 8) = 0
prlimit64(0, RLIMIT_NOFILE, NULL, {rlim_cur=65535, rlim_max=65535}) = 0
fcntl(0, F_GETFL)                       = 0x2 (flags O_RDWR)
futex(0xc00008a148, FUTEX_WAKE_PRIVATE, 1) = 1
mmap(NULL, 262144, PROT_READ|PROT_WRITE, MAP_PRIVATE|MAP_ANONYMOUS, -1, 0) = 0x7f44fb645000
fcntl(1, F_GETFL)                       = 0x8001 (flags O_WRONLY|O_LARGEFILE)
fcntl(2, F_GETFL)                       = 0x8001 (flags O_WRONLY|O_LARGEFILE)
futex(0xc00008a148, FUTEX_WAKE_PRIVATE, 1) = 1
epoll_create1(EPOLL_CLOEXEC)            = 3
eventfd2(0, EFD_CLOEXEC|EFD_NONBLOCK)   = 4
epoll_ctl(3, EPOLL_CTL_ADD, 4, {events=EPOLLIN, data={u32=9957048, u64=9957048}}) = 0
futex(0xc00008a148, FUTEX_WAKE_PRIVATE, 1) = 1
futex(0xc000048948, FUTEX_WAKE_PRIVATE, 1) = 1
openat(AT_FDCWD, "/etc/resolv.conf", O_RDONLY|O_CLOEXEC) = 5
fcntl(5, F_GETFL)                       = 0x8000 (flags O_RDONLY|O_LARGEFILE)
fcntl(5, F_SETFL, O_RDONLY|O_NONBLOCK|O_LARGEFILE) = 0
epoll_ctl(3, EPOLL_CTL_ADD, 5, {events=EPOLLIN|EPOLLOUT|EPOLLRDHUP|EPOLLET, data={u32=3737124865, u64=9170731151885598721}}) = -1 EPERM (Operation not permitted)
fcntl(5, F_GETFL)                       = 0x8800 (flags O_RDONLY|O_NONBLOCK|O_LARGEFILE)
fcntl(5, F_SETFL, O_RDONLY|O_LARGEFILE) = 0
fstat(5, {st_mode=S_IFREG|0644, st_size=80, ...}) = 0
read(5, "# Generated by NetworkManager\nna"..., 65536) = 80
read(5, "", 65456)                      = 0
read(5, "", 65536)                      = 0
uname({sysname="Linux", nodename="iZ7f0eyt34xx13Z", ...}) = 0
close(5)                                = 0
openat(AT_FDCWD, "/etc/nsswitch.conf", O_RDONLY|O_CLOEXEC) = 5
fcntl(5, F_GETFL)                       = 0x8000 (flags O_RDONLY|O_LARGEFILE)
fcntl(5, F_SETFL, O_RDONLY|O_NONBLOCK|O_LARGEFILE) = 0
epoll_ctl(3, EPOLL_CTL_ADD, 5, {events=EPOLLIN|EPOLLOUT|EPOLLRDHUP|EPOLLET, data={u32=3737124866, u64=9170731151885598722}}) = -1 EPERM (Operation not permitted)
fcntl(5, F_GETFL)                       = 0x8800 (flags O_RDONLY|O_NONBLOCK|O_LARGEFILE)
fcntl(5, F_SETFL, O_RDONLY|O_LARGEFILE) = 0
fstat(5, {st_mode=S_IFREG|0644, st_size=643, ...}) = 0
read(5, "# Generated by authselect\n# Do n"..., 65536) = 643
read(5, "", 64893)                      = 0
read(5, "", 65536)                      = 0
close(5)                                = 0
newfstatat(AT_FDCWD, "/etc/hosts", {st_mode=S_IFREG|0644, st_size=384, ...}, 0) = 0
openat(AT_FDCWD, "/etc/hosts", O_RDONLY|O_CLOEXEC) = 5
fcntl(5, F_GETFL)                       = 0x8000 (flags O_RDONLY|O_LARGEFILE)
fcntl(5, F_SETFL, O_RDONLY|O_NONBLOCK|O_LARGEFILE) = 0
epoll_ctl(3, EPOLL_CTL_ADD, 5, {events=EPOLLIN|EPOLLOUT|EPOLLRDHUP|EPOLLET, data={u32=3737124867, u64=9170731151885598723}}) = -1 EPERM (Operation not permitted)
fcntl(5, F_GETFL)                       = 0x8800 (flags O_RDONLY|O_NONBLOCK|O_LARGEFILE)
fcntl(5, F_SETFL, O_RDONLY|O_LARGEFILE) = 0
read(5, "# Loopback entries; do not chang"..., 65536) = 384
read(5, "", 65152)                      = 0
read(5, "", 65536)                      = 0
close(5)                                = 0
futex(0xc000048948, FUTEX_WAKE_PRIVATE, 1) = 1
write(4, "\1\0\0\0\0\0\0\0", 8)         = 8
socket(AF_INET, SOCK_DGRAM|SOCK_CLOEXEC|SOCK_NONBLOCK, IPPROTO_IP) = 6
setsockopt(6, SOL_SOCKET, SO_BROADCAST, [1], 4) = 0
connect(6, {sa_family=AF_INET, sin_port=htons(53), sin_addr=inet_addr("100.100.2.136")}, 16) = 0
epoll_ctl(3, EPOLL_CTL_ADD, 6, {events=EPOLLIN|EPOLLOUT|EPOLLRDHUP|EPOLLET, data={u32=3737124869, u64=9170731151885598725}}) = 0
getsockname(6, {sa_family=AF_INET, sin_port=htons(57509), sin_addr=inet_addr("172.27.150.185")}, [112 => 16]) = 0
getpeername(6, {sa_family=AF_INET, sin_port=htons(53), sin_addr=inet_addr("100.100.2.136")}, [112 => 16]) = 0
write(4, "\1\0\0\0\0\0\0\0", 8)         = 8
write(6, "\370\23\1\0\0\1\0\0\0\0\0\1\3www\5baidu\3com\0\0\34\0\1\0"..., 42) = 42
read(6, "\370\23\201\200\0\1\0\3\0\0\0\0\3www\5baidu\3com\0\0\34\0\1\300"..., 1232) = 117
epoll_ctl(3, EPOLL_CTL_DEL, 6, 0xc00013b304) = 0
close(6)                                = 0
futex(0xc00008a148, FUTEX_WAKE_PRIVATE, 1) = 1
socket(AF_INET, SOCK_DGRAM|SOCK_CLOEXEC|SOCK_NONBLOCK, IPPROTO_IP) = 5
setsockopt(5, SOL_SOCKET, SO_BROADCAST, [1], 4) = 0
connect(5, {sa_family=AF_INET, sin_port=htons(53), sin_addr=inet_addr("220.181.111.232")}, 16) = 0
epoll_ctl(3, EPOLL_CTL_ADD, 5, {events=EPOLLIN|EPOLLOUT|EPOLLRDHUP|EPOLLET, data={u32=3737124870, u64=9170731151885598726}}) = 0
getsockname(5, {sa_family=AF_INET, sin_port=htons(48388), sin_addr=inet_addr("172.27.150.185")}, [112 => 16]) = 0
getpeername(5, {sa_family=AF_INET, sin_port=htons(53), sin_addr=inet_addr("220.181.111.232")}, [112 => 16]) = 0
epoll_ctl(3, EPOLL_CTL_DEL, 5, 0xc000139274) = 0
close(5)                                = 0
socket(AF_INET, SOCK_DGRAM|SOCK_CLOEXEC|SOCK_NONBLOCK, IPPROTO_IP) = 5
setsockopt(5, SOL_SOCKET, SO_BROADCAST, [1], 4) = 0
connect(5, {sa_family=AF_INET, sin_port=htons(53), sin_addr=inet_addr("220.181.111.1")}, 16) = 0
epoll_ctl(3, EPOLL_CTL_ADD, 5, {events=EPOLLIN|EPOLLOUT|EPOLLRDHUP|EPOLLET, data={u32=3737124871, u64=9170731151885598727}}) = 0
getsockname(5, {sa_family=AF_INET, sin_port=htons(52428), sin_addr=inet_addr("172.27.150.185")}, [112 => 16]) = 0
getpeername(5, {sa_family=AF_INET, sin_port=htons(53), sin_addr=inet_addr("220.181.111.1")}, [112 => 16]) = 0
epoll_ctl(3, EPOLL_CTL_DEL, 5, 0xc000139274) = 0
close(5)                                = 0
socket(AF_INET6, SOCK_DGRAM|SOCK_CLOEXEC|SOCK_NONBLOCK, IPPROTO_IP) = 5
setsockopt(5, SOL_IPV6, IPV6_V6ONLY, [0], 4) = 0
setsockopt(5, SOL_SOCKET, SO_BROADCAST, [1], 4) = 0
connect(5, {sa_family=AF_INET6, sin6_port=htons(53), sin6_flowinfo=htonl(0), inet_pton(AF_INET6, "240e:83:205:381:0:ff:b00f:96a2", &sin6_addr), sin6_scope_id=0}, 28) = -1 ENETUNREACH (Network is unreachable)
close(5)                                = 0
socket(AF_INET6, SOCK_DGRAM|SOCK_CLOEXEC|SOCK_NONBLOCK, IPPROTO_IP) = 5
setsockopt(5, SOL_IPV6, IPV6_V6ONLY, [0], 4) = 0
setsockopt(5, SOL_SOCKET, SO_BROADCAST, [1], 4) = 0
connect(5, {sa_family=AF_INET6, sin6_port=htons(53), sin6_flowinfo=htonl(0), inet_pton(AF_INET6, "240e:83:205:1cd:0:ff:b0b8:dee9", &sin6_addr), sin6_scope_id=0}, 28) = -1 ENETUNREACH (Network is unreachable)
close(5)                                = 0
futex(0xc00008a148, FUTEX_WAKE_PRIVATE, 1) = 1
write(4, "\1\0\0\0\0\0\0\0", 8)         = 8
socket(AF_INET, SOCK_STREAM|SOCK_CLOEXEC|SOCK_NONBLOCK, IPPROTO_IP) = 5
connect(5, {sa_family=AF_INET, sin_port=htons(443), sin_addr=inet_addr("220.181.111.232")}, 16) = -1 EINPROGRESS (Operation now in progress)
epoll_ctl(3, EPOLL_CTL_ADD, 5, {events=EPOLLIN|EPOLLOUT|EPOLLRDHUP|EPOLLET, data={u32=3737124872, u64=9170731151885598728}}) = 0
futex(0xc000048948, FUTEX_WAKE_PRIVATE, 1) = 1
futex(0x95f0a0, FUTEX_WAIT_PRIVATE, 0, NULL) = 0
nanosleep({tv_sec=0, tv_nsec=3000}, NULL) = 0
futex(0x95f0a0, FUTEX_WAIT_PRIVATE, 0, NULL) = 0
futex(0x9609f8, FUTEX_WAKE_PRIVATE, 1)  = 1
nanosleep({tv_sec=0, tv_nsec=3000}, NULL) = 0
futex(0x9609f8, FUTEX_WAKE_PRIVATE, 1)  = 1
openat(AT_FDCWD, "/etc/ssl/certs/869fbf79.0", O_RDONLY|O_CLOEXEC) = 6
futex(0x95f0a0, FUTEX_WAIT_PRIVATE, 0, NULLStatus: 200 OK
Status Code: 200
Status: 200 OK
Status Code: 200
Status: 200 OK
Status Code: 200
Status: 200 OK
Status Code: 200
Status: 200 OK
Status Code: 200
) = ?
+++ exited with 0 +++
